<?xml version="1.0" encoding="UTF-8"?>
<coverage generated="1763826279698" clover="3.2.0">
  <project timestamp="1763826279698" name="All files">
    <metrics statements="24" coveredstatements="8" conditionals="0" coveredconditionals="0" methods="12" coveredmethods="0" elements="36" coveredelements="8" complexity="0" loc="24" ncloc="24" packages="1" files="1" classes="1"/>
    <file name="constructorSlice.ts" path="D:\dev\practicum\stellar-burgers\src\services\slices\constructorSlice.ts">
      <metrics statements="24" coveredstatements="8" conditionals="0" coveredconditionals="0" methods="12" coveredmethods="0"/>
      <line num="1" count="1" type="stmt"/>
      <line num="10" count="1" type="stmt"/>
      <line num="15" count="1" type="stmt"/>
      <line num="21" count="0" type="stmt"/>
      <line num="24" count="0" type="stmt"/>
      <line num="25" count="0" type="stmt"/>
      <line num="30" count="0" type="stmt"/>
      <line num="33" count="0" type="stmt"/>
      <line num="34" count="0" type="stmt"/>
      <line num="38" count="0" type="stmt"/>
      <line num="39" count="0" type="stmt"/>
      <line num="43" count="0" type="stmt"/>
      <line num="44" count="0" type="stmt"/>
      <line num="46" count="0" type="stmt"/>
      <line num="49" count="0" type="stmt"/>
      <line num="50" count="0" type="stmt"/>
      <line num="52" count="0" type="stmt"/>
      <line num="55" count="0" type="stmt"/>
      <line num="61" count="1" type="stmt"/>
      <line num="62" count="1" type="stmt"/>
      <line num="63" count="1" type="stmt"/>
      <line num="64" count="0" type="stmt"/>
      <line num="67" count="1" type="stmt"/>
      <line num="74" count="1" type="stmt"/>
    </file>
  </project>
</coverage>
