{"D:\\dev\\practicum\\stellar-burgers\\src\\services\\slices\\constructorSlice.ts": {"path":"D:\\dev\\practicum\\stellar-burgers\\src\\services\\slices\\constructorSlice.ts","statementMap":{"0":{"start":{"line":1,"column":0},"end":{"line":1,"column":70}},"1":{"start":{"line":10,"column":40},"end":{"line":13,"column":2}},"2":{"start":{"line":15,"column":25},"end":{"line":59,"column":2}},"3":{"start":{"line":21,"column":8},"end":{"line":21,"column":35}},"4":{"start":{"line":24,"column":19},"end":{"line":24,"column":27}},"5":{"start":{"line":25,"column":8},"end":{"line":25,"column":43}},"6":{"start":{"line":30,"column":8},"end":{"line":30,"column":47}},"7":{"start":{"line":33,"column":19},"end":{"line":33,"column":27}},"8":{"start":{"line":34,"column":8},"end":{"line":34,"column":43}},"9":{"start":{"line":38,"column":6},"end":{"line":40,"column":8}},"10":{"start":{"line":39,"column":17},"end":{"line":39,"column":null}},"11":{"start":{"line":43,"column":25},"end":{"line":43,"column":58}},"12":{"start":{"line":44,"column":22},"end":{"line":44,"column":59}},"13":{"start":{"line":46,"column":6},"end":{"line":46,"column":75}},"14":{"start":{"line":49,"column":25},"end":{"line":49,"column":58}},"15":{"start":{"line":50,"column":22},"end":{"line":50,"column":59}},"16":{"start":{"line":52,"column":6},"end":{"line":52,"column":71}},"17":{"start":{"line":55,"column":8},"end":{"line":56,"column":null}},"18":{"start":{"line":61,"column":35},"end":{"line":61,"column":62}},"19":{"start":{"line":61,"column":57},"end":{"line":61,"column":75}},"20":{"start":{"line":61,"column":13},"end":{"line":61,"column":35}},"21":{"start":{"line":62,"column":22},"end":{"line":62,"column":49}},"22":{"start":{"line":62,"column":44},"end":{"line":62,"column":72}},"23":{"start":{"line":62,"column":13},"end":{"line":62,"column":22}},"24":{"start":{"line":63,"column":30},"end":{"line":64,"column":7}},"25":{"start":{"line":64,"column":2},"end":{"line":64,"column":38}},"26":{"start":{"line":63,"column":13},"end":{"line":63,"column":30}},"27":{"start":{"line":67,"column":2},"end":{"line":72,"column":null}},"28":{"start":{"line":74,"column":13},"end":{"line":74,"column":59}}},"fnMap":{"0":{"name":"(anonymous_2)","decl":{"start":{"line":20,"column":15},"end":{"line":20,"column":16}},"loc":{"start":{"line":20,"column":68},"end":{"line":22,"column":7}}},"1":{"name":"(anonymous_3)","decl":{"start":{"line":23,"column":15},"end":{"line":23,"column":16}},"loc":{"start":{"line":23,"column":32},"end":{"line":26,"column":7}}},"2":{"name":"(anonymous_4)","decl":{"start":{"line":29,"column":15},"end":{"line":29,"column":16}},"loc":{"start":{"line":29,"column":68},"end":{"line":31,"column":7}}},"3":{"name":"(anonymous_5)","decl":{"start":{"line":32,"column":15},"end":{"line":32,"column":16}},"loc":{"start":{"line":32,"column":32},"end":{"line":35,"column":7}}},"4":{"name":"(anonymous_6)","decl":{"start":{"line":37,"column":22},"end":{"line":37,"column":23}},"loc":{"start":{"line":37,"column":59},"end":{"line":41,"column":5}}},"5":{"name":"(anonymous_7)","decl":{"start":{"line":39,"column":8},"end":{"line":39,"column":9}},"loc":{"start":{"line":39,"column":12},"end":{"line":39,"column":20}}},"6":{"name":"(anonymous_8)","decl":{"start":{"line":42,"column":22},"end":{"line":42,"column":23}},"loc":{"start":{"line":42,"column":59},"end":{"line":47,"column":5}}},"7":{"name":"(anonymous_9)","decl":{"start":{"line":48,"column":24},"end":{"line":48,"column":25}},"loc":{"start":{"line":48,"column":61},"end":{"line":53,"column":5}}},"8":{"name":"(anonymous_10)","decl":{"start":{"line":54,"column":22},"end":{"line":54,"column":23}},"loc":{"start":{"line":54,"column":28},"end":{"line":57,"column":5}}},"9":{"name":"(anonymous_11)","decl":{"start":{"line":61,"column":35},"end":{"line":61,"column":36}},"loc":{"start":{"line":61,"column":52},"end":{"line":61,"column":62}}},"10":{"name":"(anonymous_12)","decl":{"start":{"line":62,"column":22},"end":{"line":62,"column":23}},"loc":{"start":{"line":62,"column":39},"end":{"line":62,"column":49}}},"11":{"name":"(anonymous_13)","decl":{"start":{"line":63,"column":30},"end":{"line":63,"column":31}},"loc":{"start":{"line":63,"column":47},"end":{"line":64,"column":7}}}},"branchMap":{},"s":{"0":1,"1":1,"2":1,"3":0,"4":0,"5":0,"6":0,"7":0,"8":0,"9":0,"10":0,"11":0,"12":0,"13":0,"14":0,"15":0,"16":0,"17":0,"18":1,"19":0,"20":1,"21":1,"22":0,"23":1,"24":1,"25":0,"26":1,"27":1,"28":1},"f":{"0":0,"1":0,"2":0,"3":0,"4":0,"5":0,"6":0,"7":0,"8":0,"9":0,"10":0,"11":0},"b":{}}
}
